mode: set
github.com/jmylchreest/tvarr/internal/config/config.go:128.47,135.22 3 1
github.com/jmylchreest/tvarr/internal/config/config.go:135.22,137.3 1 1
github.com/jmylchreest/tvarr/internal/config/config.go:137.8,144.3 6 1
github.com/jmylchreest/tvarr/internal/config/config.go:147.2,152.41 4 1
github.com/jmylchreest/tvarr/internal/config/config.go:152.41,154.48 2 1
github.com/jmylchreest/tvarr/internal/config/config.go:154.48,156.4 1 1
github.com/jmylchreest/tvarr/internal/config/config.go:160.2,161.42 2 1
github.com/jmylchreest/tvarr/internal/config/config.go:161.42,163.3 1 0
github.com/jmylchreest/tvarr/internal/config/config.go:165.2,165.39 1 1
github.com/jmylchreest/tvarr/internal/config/config.go:165.39,167.3 1 0
github.com/jmylchreest/tvarr/internal/config/config.go:169.2,169.18 1 1
github.com/jmylchreest/tvarr/internal/config/config.go:173.34,231.2 42 1
github.com/jmylchreest/tvarr/internal/config/config.go:234.35,237.50 2 1
github.com/jmylchreest/tvarr/internal/config/config.go:237.50,239.3 1 1
github.com/jmylchreest/tvarr/internal/config/config.go:242.2,243.38 2 1
github.com/jmylchreest/tvarr/internal/config/config.go:243.38,245.3 1 1
github.com/jmylchreest/tvarr/internal/config/config.go:246.2,246.26 1 1
github.com/jmylchreest/tvarr/internal/config/config.go:246.26,248.3 1 1
github.com/jmylchreest/tvarr/internal/config/config.go:251.2,251.29 1 1
github.com/jmylchreest/tvarr/internal/config/config.go:251.29,253.3 1 0
github.com/jmylchreest/tvarr/internal/config/config.go:256.2,257.35 2 1
github.com/jmylchreest/tvarr/internal/config/config.go:257.35,259.3 1 1
github.com/jmylchreest/tvarr/internal/config/config.go:260.2,261.37 2 1
github.com/jmylchreest/tvarr/internal/config/config.go:261.37,263.3 1 1
github.com/jmylchreest/tvarr/internal/config/config.go:266.2,266.38 1 1
github.com/jmylchreest/tvarr/internal/config/config.go:266.38,268.3 1 1
github.com/jmylchreest/tvarr/internal/config/config.go:269.2,269.34 1 1
github.com/jmylchreest/tvarr/internal/config/config.go:269.34,271.3 1 1
github.com/jmylchreest/tvarr/internal/config/config.go:273.2,273.12 1 1
github.com/jmylchreest/tvarr/internal/config/config.go:277.41,279.2 1 1
github.com/jmylchreest/tvarr/internal/config/config.go:282.43,284.2 1 1
github.com/jmylchreest/tvarr/internal/config/config.go:287.45,289.2 1 1
github.com/jmylchreest/tvarr/internal/config/config.go:292.43,294.2 1 1
github.com/jmylchreest/tvarr/internal/observability/logger.go:26.55,28.2 1 0
github.com/jmylchreest/tvarr/internal/observability/logger.go:32.78,38.56 2 1
github.com/jmylchreest/tvarr/internal/observability/logger.go:38.56,40.53 1 1
github.com/jmylchreest/tvarr/internal/observability/logger.go:40.53,41.47 1 1
github.com/jmylchreest/tvarr/internal/observability/logger.go:41.47,43.6 1 1
github.com/jmylchreest/tvarr/internal/observability/logger.go:45.4,45.12 1 1
github.com/jmylchreest/tvarr/internal/observability/logger.go:49.2,50.20 2 1
github.com/jmylchreest/tvarr/internal/observability/logger.go:51.14,52.41 1 1
github.com/jmylchreest/tvarr/internal/observability/logger.go:53.14,54.41 1 1
github.com/jmylchreest/tvarr/internal/observability/logger.go:55.10,57.41 1 0
github.com/jmylchreest/tvarr/internal/observability/logger.go:60.2,60.26 1 1
github.com/jmylchreest/tvarr/internal/observability/logger.go:64.42,65.15 1 1
github.com/jmylchreest/tvarr/internal/observability/logger.go:66.15,67.25 1 1
github.com/jmylchreest/tvarr/internal/observability/logger.go:68.14,69.24 1 1
github.com/jmylchreest/tvarr/internal/observability/logger.go:70.14,71.24 1 1
github.com/jmylchreest/tvarr/internal/observability/logger.go:72.15,73.25 1 1
github.com/jmylchreest/tvarr/internal/observability/logger.go:74.10,75.24 1 1
github.com/jmylchreest/tvarr/internal/observability/logger.go:80.72,82.2 1 1
github.com/jmylchreest/tvarr/internal/observability/logger.go:85.80,87.2 1 1
github.com/jmylchreest/tvarr/internal/observability/logger.go:90.72,92.2 1 1
github.com/jmylchreest/tvarr/internal/observability/logger.go:95.72,97.2 1 1
github.com/jmylchreest/tvarr/internal/observability/logger.go:100.61,101.16 1 1
github.com/jmylchreest/tvarr/internal/observability/logger.go:101.16,103.3 1 1
github.com/jmylchreest/tvarr/internal/observability/logger.go:104.2,104.55 1 1
github.com/jmylchreest/tvarr/internal/observability/logger.go:109.58,110.59 1 1
github.com/jmylchreest/tvarr/internal/observability/logger.go:110.59,112.3 1 1
github.com/jmylchreest/tvarr/internal/observability/logger.go:113.2,113.23 1 1
github.com/jmylchreest/tvarr/internal/observability/logger.go:117.82,119.2 1 1
github.com/jmylchreest/tvarr/internal/observability/logger.go:125.55,126.52 1 1
github.com/jmylchreest/tvarr/internal/observability/logger.go:126.52,128.3 1 1
github.com/jmylchreest/tvarr/internal/observability/logger.go:129.2,129.11 1 1
github.com/jmylchreest/tvarr/internal/observability/logger.go:133.82,135.2 1 1
github.com/jmylchreest/tvarr/internal/observability/logger.go:138.59,139.56 1 1
github.com/jmylchreest/tvarr/internal/observability/logger.go:139.56,141.3 1 1
github.com/jmylchreest/tvarr/internal/observability/logger.go:142.2,142.11 1 1
github.com/jmylchreest/tvarr/internal/observability/logger.go:146.90,148.2 1 1
github.com/jmylchreest/tvarr/internal/observability/logger.go:152.38,154.2 1 0
github.com/jmylchreest/tvarr/internal/observability/logger.go:162.49,164.2 1 1
github.com/jmylchreest/tvarr/internal/observability/logger.go:167.78,169.2 1 1
github.com/jmylchreest/tvarr/internal/observability/logger.go:172.79,174.2 1 1
github.com/jmylchreest/tvarr/internal/observability/logger.go:177.78,179.2 1 1
github.com/jmylchreest/tvarr/internal/observability/logger.go:182.79,184.2 1 1
github.com/jmylchreest/tvarr/internal/observability/logger.go:193.88,197.16 3 1
github.com/jmylchreest/tvarr/internal/observability/logger.go:197.16,203.3 2 1
github.com/jmylchreest/tvarr/internal/observability/logger.go:219.112,223.16 3 1
github.com/jmylchreest/tvarr/internal/observability/logger.go:223.16,225.38 2 1
github.com/jmylchreest/tvarr/internal/observability/logger.go:225.38,231.4 1 1
github.com/jmylchreest/tvarr/internal/observability/logger.go:231.9,236.4 1 1
